

Started GET "/" for 127.0.0.1 at 2014-10-22 15:28:17 +0800

ActiveRecord::PendingMigrationError - 

Migrations are pending. To resolve this issue, run:

	bin/rake db:migrate RAILS_ENV=development

:
  activerecord (4.1.6) lib/active_record/migration.rb:389:in `check_pending!'
  activerecord (4.1.6) lib/active_record/migration.rb:377:in `call'
  actionpack (4.1.6) lib/action_dispatch/middleware/callbacks.rb:29:in `block in call'
  activesupport (4.1.6) lib/active_support/callbacks.rb:82:in `run_callbacks'
  actionpack (4.1.6) lib/action_dispatch/middleware/callbacks.rb:27:in `call'
  actionpack (4.1.6) lib/action_dispatch/middleware/reloader.rb:73:in `call'
  actionpack (4.1.6) lib/action_dispatch/middleware/remote_ip.rb:76:in `call'
  better_errors (2.0.0) lib/better_errors/middleware.rb:84:in `protected_app_call'
  better_errors (2.0.0) lib/better_errors/middleware.rb:79:in `better_errors_call'
  better_errors (2.0.0) lib/better_errors/middleware.rb:57:in `call'
  rack-contrib (1.1.0) lib/rack/contrib/response_headers.rb:17:in `call'
  meta_request (0.3.4) lib/meta_request/middlewares/headers.rb:16:in `call'
  actionpack (4.1.6) lib/action_dispatch/middleware/debug_exceptions.rb:17:in `call'
  actionpack (4.1.6) lib/action_dispatch/middleware/show_exceptions.rb:30:in `call'
  railties (4.1.6) lib/rails/rack/logger.rb:38:in `call_app'
  railties (4.1.6) lib/rails/rack/logger.rb:20:in `block in call'
  activesupport (4.1.6) lib/active_support/tagged_logging.rb:68:in `block in tagged'
  activesupport (4.1.6) lib/active_support/tagged_logging.rb:26:in `tagged'
  activesupport (4.1.6) lib/active_support/tagged_logging.rb:68:in `tagged'
  railties (4.1.6) lib/rails/rack/logger.rb:20:in `call'
  actionpack (4.1.6) lib/action_dispatch/middleware/request_id.rb:21:in `call'
  rack (1.5.2) lib/rack/methodoverride.rb:21:in `call'
  rack (1.5.2) lib/rack/runtime.rb:17:in `call'
  activesupport (4.1.6) lib/active_support/cache/strategy/local_cache_middleware.rb:26:in `call'
  rack (1.5.2) lib/rack/lock.rb:17:in `call'
  actionpack (4.1.6) lib/action_dispatch/middleware/static.rb:64:in `call'
  rack (1.5.2) lib/rack/sendfile.rb:112:in `call'
  railties (4.1.6) lib/rails/engine.rb:514:in `call'
  railties (4.1.6) lib/rails/application.rb:144:in `call'
  rack (1.5.2) lib/rack/lock.rb:17:in `call'
  rack (1.5.2) lib/rack/content_length.rb:14:in `call'
  rack (1.5.2) lib/rack/handler/webrick.rb:60:in `service'
  /Users/nate/.rvm/rubies/ruby-2.1.2/lib/ruby/2.1.0/webrick/httpserver.rb:138:in `service'
  /Users/nate/.rvm/rubies/ruby-2.1.2/lib/ruby/2.1.0/webrick/httpserver.rb:94:in `run'
  /Users/nate/.rvm/rubies/ruby-2.1.2/lib/ruby/2.1.0/webrick/server.rb:295:in `block in start_thread'



Started POST "/__better_errors/b1592c26dc69590a/variables" for 127.0.0.1 at 2014-10-22 15:28:18 +0800
  [1m[36m (1.2ms)[0m  [1mCREATE TABLE "schema_migrations" ("version" varchar(255) NOT NULL) [0m
  [1m[35m (0.1ms)[0m  select sqlite_version(*)
  [1m[36m (1.1ms)[0m  [1mCREATE UNIQUE INDEX "unique_schema_migrations" ON "schema_migrations" ("version")[0m
  [1m[35mActiveRecord::SchemaMigration Load (0.2ms)[0m  SELECT "schema_migrations".* FROM "schema_migrations"
Migrating to CreateFoodItems (20141022072306)
  [1m[36m (0.1ms)[0m  [1mbegin transaction[0m
  [1m[35m (0.3ms)[0m  CREATE TABLE "food_items" ("id" INTEGER PRIMARY KEY AUTOINCREMENT NOT NULL, "name" varchar(255), "created_at" datetime, "updated_at" datetime) 
  [1m[36mSQL (0.2ms)[0m  [1mINSERT INTO "schema_migrations" ("version") VALUES (?)[0m  [["version", "20141022072306"]]
  [1m[35m (1.0ms)[0m  commit transaction
  [1m[36mActiveRecord::SchemaMigration Load (0.1ms)[0m  [1mSELECT "schema_migrations".* FROM "schema_migrations"[0m


Started GET "/" for 127.0.0.1 at 2014-10-22 15:28:41 +0800
  [1m[36mActiveRecord::SchemaMigration Load (0.1ms)[0m  [1mSELECT "schema_migrations".* FROM "schema_migrations"[0m
Processing by WelcomeController#index as HTML
  Rendered welcome/index.html.erb within layouts/application (1.9ms)
Completed 200 OK in 710ms (Views: 700.5ms | ActiveRecord: 0.0ms)


Started GET "/assets/scaffolds.css?body=1" for 127.0.0.1 at 2014-10-22 15:28:42 +0800


Started GET "/assets/food_items.css?body=1" for 127.0.0.1 at 2014-10-22 15:28:42 +0800


Started GET "/assets/application.css?body=1" for 127.0.0.1 at 2014-10-22 15:28:42 +0800


Started GET "/assets/welcome.css?body=1" for 127.0.0.1 at 2014-10-22 15:28:42 +0800


Started GET "/assets/jquery.js?body=1" for 127.0.0.1 at 2014-10-22 15:28:42 +0800


Started GET "/assets/jquery_ujs.js?body=1" for 127.0.0.1 at 2014-10-22 15:28:42 +0800


Started GET "/assets/turbolinks.js?body=1" for 127.0.0.1 at 2014-10-22 15:28:42 +0800


Started GET "/assets/food_items.js?body=1" for 127.0.0.1 at 2014-10-22 15:28:42 +0800


Started GET "/assets/welcome.js?body=1" for 127.0.0.1 at 2014-10-22 15:28:42 +0800


Started GET "/assets/application.js?body=1" for 127.0.0.1 at 2014-10-22 15:28:42 +0800


Started GET "/food_items" for 127.0.0.1 at 2014-10-22 15:30:23 +0800
Processing by FoodItemsController#index as HTML
  [1m[35mFoodItem Load (0.2ms)[0m  SELECT "food_items".* FROM "food_items"
  Rendered food_items/index.html.erb within layouts/application (3.7ms)
Completed 200 OK in 68ms (Views: 64.9ms | ActiveRecord: 0.2ms)


Started GET "/assets/scaffolds.css?body=1" for 127.0.0.1 at 2014-10-22 15:30:23 +0800


Started GET "/assets/application.css?body=1" for 127.0.0.1 at 2014-10-22 15:30:23 +0800


Started GET "/assets/welcome.css?body=1" for 127.0.0.1 at 2014-10-22 15:30:23 +0800


Started GET "/assets/welcome.js?body=1" for 127.0.0.1 at 2014-10-22 15:30:23 +0800


Started GET "/assets/food_items.css?body=1" for 127.0.0.1 at 2014-10-22 15:30:23 +0800


Started GET "/assets/food_items.js?body=1" for 127.0.0.1 at 2014-10-22 15:30:23 +0800


Started GET "/assets/application.js?body=1" for 127.0.0.1 at 2014-10-22 15:30:23 +0800


Started GET "/food_items/new" for 127.0.0.1 at 2014-10-22 15:30:25 +0800
Processing by FoodItemsController#new as HTML
  Rendered food_items/_form.html.erb (23.1ms)
  Rendered food_items/new.html.erb within layouts/application (28.6ms)
Completed 200 OK in 86ms (Views: 80.1ms | ActiveRecord: 0.4ms)


Started POST "/food_items" for 127.0.0.1 at 2014-10-22 15:30:28 +0800
Processing by FoodItemsController#create as HTML
  Parameters: {"utf8"=>"✓", "authenticity_token"=>"/rRUrqxW6HPkYpk5cL+aJOq95SVVwYCY51QuJhLiKx4=", "food_item"=>{"name"=>"Chicken"}, "commit"=>"Create Food item"}
  [1m[36m (0.1ms)[0m  [1mbegin transaction[0m
  [1m[35mSQL (0.5ms)[0m  INSERT INTO "food_items" ("created_at", "name", "updated_at") VALUES (?, ?, ?)  [["created_at", "2014-10-22 07:30:28.266694"], ["name", "Chicken"], ["updated_at", "2014-10-22 07:30:28.266694"]]
  [1m[36m (0.8ms)[0m  [1mcommit transaction[0m
Redirected to http://localhost:3000/food_items/1
Completed 302 Found in 14ms (ActiveRecord: 1.4ms)


Started GET "/food_items/1" for 127.0.0.1 at 2014-10-22 15:30:28 +0800
Processing by FoodItemsController#show as HTML
  Parameters: {"id"=>"1"}
  [1m[35mFoodItem Load (0.2ms)[0m  SELECT  "food_items".* FROM "food_items"  WHERE "food_items"."id" = ? LIMIT 1  [["id", 1]]
  Rendered food_items/show.html.erb within layouts/application (0.7ms)
Completed 200 OK in 59ms (Views: 54.6ms | ActiveRecord: 0.2ms)


Started GET "/assets/food_items.css?body=1" for 127.0.0.1 at 2014-10-22 15:30:28 +0800


Started GET "/assets/scaffolds.css?body=1" for 127.0.0.1 at 2014-10-22 15:30:28 +0800


Started GET "/assets/application.css?body=1" for 127.0.0.1 at 2014-10-22 15:30:28 +0800


Started GET "/assets/food_items.js?body=1" for 127.0.0.1 at 2014-10-22 15:30:28 +0800


Started GET "/assets/welcome.css?body=1" for 127.0.0.1 at 2014-10-22 15:30:28 +0800


Started GET "/assets/welcome.js?body=1" for 127.0.0.1 at 2014-10-22 15:30:28 +0800


Started GET "/assets/application.js?body=1" for 127.0.0.1 at 2014-10-22 15:30:28 +0800


Started GET "/food_items" for 127.0.0.1 at 2014-10-22 15:30:31 +0800
Processing by FoodItemsController#index as HTML
  [1m[36mFoodItem Load (0.1ms)[0m  [1mSELECT "food_items".* FROM "food_items"[0m
  Rendered food_items/index.html.erb within layouts/application (3.4ms)
Completed 200 OK in 53ms (Views: 51.8ms | ActiveRecord: 0.1ms)


Started GET "/food_items/new" for 127.0.0.1 at 2014-10-22 15:30:33 +0800
Processing by FoodItemsController#new as HTML
  Rendered food_items/_form.html.erb (1.3ms)
  Rendered food_items/new.html.erb within layouts/application (2.3ms)
Completed 200 OK in 62ms (Views: 60.9ms | ActiveRecord: 0.0ms)
